
> healcha@0.1.0 tauri
> tauri build

        Info Looking up installed tauri packages to check mismatched versions...
     Running beforeBuildCommand `npm run build && node scripts/fetch-node.mjs`

> healcha@0.1.0 build
> next build && node scripts/copy-standalone.mjs

⚠ No build cache found. Please configure build caching for faster rebuilds. Read more: https://nextjs.org/docs/messages/no-cache
Attention: Next.js now collects completely anonymous telemetry regarding usage.
This information is used to shape Next.js' roadmap and prioritize features.
You can learn more, including how to opt-out if you'd not like to participate in this anonymous program, by visiting the following URL:
https://nextjs.org/telemetry

▲ Next.js 16.2.10 (Turbopack)

  Creating an optimized production build ...
✓ Compiled successfully in 4.5s
  Running TypeScript ...
  Finished TypeScript in 5.1s ...
  Collecting page data using 3 workers ...
  Generating static pages using 3 workers (0/2) ...
✓ Generating static pages using 3 workers (2/2) in 137ms
  Finalizing page optimization ...

Route (app)
┌ ƒ /
├ ○ /_not-found
├ ƒ /api/auth/google/callback
├ ƒ /api/auth/google/open
├ ƒ /api/auth/google/start
├ ƒ /api/chat
├ ƒ /api/demo
├ ƒ /api/setup
├ ƒ /api/summary
└ ƒ /api/sync


○  (Static)   prerendered as static content
ƒ  (Dynamic)  server-rendered on demand

Materialized symlink: .next/standalone/.next/node_modules/@libsql/client-6da938047d5fc1cd
Completed .next/standalone (static assets, drizzle migrations, no .env).
Downloading https://nodejs.org/dist/v22.14.0/node-v22.14.0-linux-x64.tar.gz …
Bundled Node 22.14.0 (linux-x64) → src-tauri/binaries/node-x86_64-unknown-linux-gnu
[1m[92m    Updating[0m crates.io index
[1m[92m Downloading[0m crates ...
[1m[92m  Downloaded[0m serde_spanned v1.1.1
[1m[92m  Downloaded[0m proc-macro-error-attr v1.0.4
[1m[92m  Downloaded[0m adler2 v2.0.1
[1m[92m  Downloaded[0m option-ext v0.2.0
[1m[92m  Downloaded[0m markup5ever v0.38.0
[1m[92m  Downloaded[0m pango-sys v0.18.0
[1m[92m  Downloaded[0m percent-encoding v2.3.2
[1m[92m  Downloaded[0m phf v0.13.1
[1m[92m  Downloaded[0m phf_codegen v0.13.1
[1m[92m  Downloaded[0m schemars v0.9.0
[1m[92m  Downloaded[0m serde_core v1.0.228
[1m[92m  Downloaded[0m litemap v0.8.2
[1m[92m  Downloaded[0m log v0.4.33
[1m[92m  Downloaded[0m memoffset v0.9.1
[1m[92m  Downloaded[0m pango v0.18.3
[1m[92m  Downloaded[0m parking_lot v0.12.5
[1m[92m  Downloaded[0m parking_lot_core v0.9.12
[1m[92m  Downloaded[0m quick-xml v0.41.0
[1m[92m  Downloaded[0m tao v0.35.3
[1m[92m  Downloaded[0m typeid v1.0.3
[1m[92m  Downloaded[0m lock_api v0.4.14
[1m[92m  Downloaded[0m memchr v2.8.3
[1m[92m  Downloaded[0m dtor v0.3.0
[1m[92m  Downloaded[0m displaydoc v0.2.6
[1m[92m  Downloaded[0m equivalent v1.0.2
[1m[92m  Downloaded[0m fdeflate v0.3.7
[1m[92m  Downloaded[0m idna_adapter v1.2.2
[1m[92m  Downloaded[0m dlopen2 v0.8.2
[1m[92m  Downloaded[0m dlopen2_derive v0.4.3
[1m[92m  Downloaded[0m embed-resource v3.0.11
[1m[92m  Downloaded[0m dyn-clone v1.0.20
[1m[92m  Downloaded[0m raw-window-handle v0.6.2
[1m[92m  Downloaded[0m serde_repr v0.1.20
[1m[92m  Downloaded[0m dpi v0.1.2
[1m[92m  Downloaded[0m dtoa v1.0.11
[1m[92m  Downloaded[0m fastrand v2.4.1
[1m[92m  Downloaded[0m pin-project-lite v0.2.17
[1m[92m  Downloaded[0m potential_utf v0.1.5
[1m[92m  Downloaded[0m ref-cast v1.0.25
[1m[92m  Downloaded[0m thiserror v2.0.18
[1m[92m  Downloaded[0m proc-macro-crate v1.3.1
[1m[92m  Downloaded[0m rustc-hash v2.1.3
[1m[92m  Downloaded[0m new_debug_unreachable v1.0.6
[1m[92m  Downloaded[0m serde_derive_internals v0.29.1
[1m[92m  Downloaded[0m plist v1.10.0
[1m[92m  Downloaded[0m png v0.17.16
[1m[92m  Downloaded[0m precomputed-hash v0.1.1
[1m[92m  Downloaded[0m regex v1.12.4
[1m[92m  Downloaded[0m schemars v0.8.22
[1m[92m  Downloaded[0m zerofrom-derive v0.1.7
[1m[92m  Downloaded[0m rustc_version v0.4.1
[1m[92m  Downloaded[0m tauri-build v2.6.3
[1m[92m  Downloaded[0m phf_macros v0.13.1
[1m[92m  Downloaded[0m phf_shared v0.13.1
[1m[92m  Downloaded[0m proc-macro2 v1.0.106
[1m[92m  Downloaded[0m serialize-to-javascript v0.1.2
[1m[92m  Downloaded[0m infer v0.19.0
[1m[92m  Downloaded[0m phf_generator v0.13.1
[1m[92m  Downloaded[0m png v0.18.1
[1m[92m  Downloaded[0m powerfmt v0.2.0
[1m[92m  Downloaded[0m dom_query v0.27.0
[1m[92m  Downloaded[0m dtoa-short v0.3.5
[1m[92m  Downloaded[0m dtor-proc-macro v0.0.6
[1m[92m  Downloaded[0m dunce v1.0.5
[1m[92m  Downloaded[0m futures-channel v0.3.32
[1m[92m  Downloaded[0m futures-core v0.3.32
[1m[92m  Downloaded[0m proc-macro-error v1.0.4
[1m[92m  Downloaded[0m scopeguard v1.2.0
[1m[92m  Downloaded[0m serde_with v3.21.0
[1m[92m  Downloaded[0m time-core v0.1.9
[1m[92m  Downloaded[0m foldhash v0.2.0
[1m[92m  Downloaded[0m proc-macro-crate v2.0.2
[1m[92m  Downloaded[0m same-file v1.0.6
[1m[92m  Downloaded[0m serde_derive v1.0.228
[1m[92m  Downloaded[0m toml_datetime v1.1.1+spec-1.1.0
[1m[92m  Downloaded[0m num-traits v0.2.19
[1m[92m  Downloaded[0m selectors v0.36.1
[1m[92m  Downloaded[0m sha2 v0.10.9
[1m[92m  Downloaded[0m target-lexicon v0.12.16
[1m[92m  Downloaded[0m futures-task v0.3.32
[1m[92m  Downloaded[0m javascriptcore-rs-sys v1.1.1
[1m[92m  Downloaded[0m serde_spanned v0.6.9
[1m[92m  Downloaded[0m soup3 v0.5.0
[1m[92m  Downloaded[0m tauri-codegen v2.6.3
[1m[92m  Downloaded[0m tauri-runtime v2.11.3
[1m[92m  Downloaded[0m fnv v1.0.7
[1m[92m  Downloaded[0m hex v0.4.3
[1m[92m  Downloaded[0m once_cell v1.21.4
[1m[92m  Downloaded[0m jsonptr v0.6.3
[1m[92m  Downloaded[0m quote v1.0.46
[1m[92m  Downloaded[0m serde_with_macros v3.21.0
[1m[92m  Downloaded[0m siphasher v1.0.3
[1m[92m  Downloaded[0m erased-serde v0.4.10
[1m[92m  Downloaded[0m find-msvc-tools v0.1.9
[1m[92m  Downloaded[0m keyboard-types v0.7.0
[1m[92m  Downloaded[0m tinystr v0.8.3
[1m[92m  Downloaded[0m iana-time-zone v0.1.65
[1m[92m  Downloaded[0m num-conv v0.2.2
[1m[92m  Downloaded[0m serialize-to-javascript-impl v0.1.2
[1m[92m  Downloaded[0m stable_deref_trait v1.2.1
[1m[92m  Downloaded[0m gdkx11 v0.18.2
[1m[92m  Downloaded[0m gdkx11-sys v0.18.2
[1m[92m  Downloaded[0m libappindicator-sys v0.9.0
[1m[92m  Downloaded[0m mime v0.3.17
[1m[92m  Downloaded[0m miniz_oxide v0.8.9
[1m[92m  Downloaded[0m muda v0.19.3
[1m[92m  Downloaded[0m schemars v1.2.1
[1m[92m  Downloaded[0m semver v1.0.28
[1m[92m  Downloaded[0m serde-untagged v0.1.9
[1m[92m  Downloaded[0m slab v0.4.12
[1m[92m  Downloaded[0m string_cache_codegen v0.6.1
[1m[92m  Downloaded[0m strsim v0.11.1
[1m[92m  Downloaded[0m tauri-winres v0.3.6
[1m[92m  Downloaded[0m tendril v0.5.1
[1m[92m  Downloaded[0m unic-char-range v0.9.0
[1m[92m  Downloaded[0m utf8_iter v1.0.4
[1m[92m  Downloaded[0m cairo-sys-rs v0.18.2
[1m[92m  Downloaded[0m cookie v0.18.1
[1m[92m  Downloaded[0m futures-macro v0.3.32
[1m[92m  Downloaded[0m gdk-pixbuf v0.18.5
[1m[92m  Downloaded[0m gdk-pixbuf-sys v0.18.0
[1m[92m  Downloaded[0m gdkwayland-sys v0.18.2
[1m[92m  Downloaded[0m gio-sys v0.18.1
[1m[92m  Downloaded[0m heck v0.4.1
[1m[92m  Downloaded[0m json-patch v3.0.1
[1m[92m  Downloaded[0m mio v1.2.1
[1m[92m  Downloaded[0m pkg-config v0.3.33
[1m[92m  Downloaded[0m ref-cast-impl v1.0.25
[1m[92m  Downloaded[0m schemars_derive v0.8.22
[1m[92m  Downloaded[0m serde v1.0.228
[1m[92m  Downloaded[0m servo_arc v0.4.3
[1m[92m  Downloaded[0m shlex v2.0.1
[1m[92m  Downloaded[0m simd-adler32 v0.3.9
[1m[92m  Downloaded[0m smallvec v1.15.2
[1m[92m  Downloaded[0m socket2 v0.6.4
[1m[92m  Downloaded[0m soup3-sys v0.5.0
[1m[92m  Downloaded[0m string_cache v0.9.0
[1m[92m  Downloaded[0m synstructure v0.13.2
[1m[92m  Downloaded[0m system-deps v6.2.2
[1m[92m  Downloaded[0m tauri-macros v2.6.3
[1m[92m  Downloaded[0m tauri-runtime-wry v2.11.4
[1m[92m  Downloaded[0m thiserror v1.0.69
[1m[92m  Downloaded[0m thiserror-impl v1.0.69
[1m[92m  Downloaded[0m toml_edit v0.19.15
[1m[92m  Downloaded[0m toml_edit v0.20.2
[1m[92m  Downloaded[0m unic-ucd-ident v0.9.0
[1m[92m  Downloaded[0m dirs-sys v0.5.0
[1m[92m  Downloaded[0m futures-executor v0.3.32
[1m[92m  Downloaded[0m getrandom v0.3.4
[1m[92m  Downloaded[0m glib-macros v0.18.5
[1m[92m  Downloaded[0m gtk3-macros v0.18.2
[1m[92m  Downloaded[0m ident_case v1.0.1
[1m[92m  Downloaded[0m javascriptcore-rs v1.1.2
[1m[92m  Downloaded[0m serde_json v1.0.150
[1m[92m  Downloaded[0m syn v1.0.109
[1m[92m  Downloaded[0m syn v2.0.118
[1m[92m  Downloaded[0m tauri-utils v2.9.3
[1m[92m  Downloaded[0m thiserror-impl v2.0.18
[1m[92m  Downloaded[0m unicode-segmentation v1.13.3
[1m[92m  Downloaded[0m urlpattern v0.3.0
[1m[92m  Downloaded[0m version_check v0.9.5
[1m[92m  Downloaded[0m zerotrie v0.2.4
[1m[92m  Downloaded[0m zmij v1.0.21
[1m[92m  Downloaded[0m aho-corasick v1.1.4
[1m[92m  Downloaded[0m alloc-no-stdlib v2.0.4
[1m[92m  Downloaded[0m atk v0.18.2
[1m[92m  Downloaded[0m cargo_toml v0.22.3
[1m[92m  Downloaded[0m cpufeatures v0.2.17
[1m[92m  Downloaded[0m crc32fast v1.5.0
[1m[92m  Downloaded[0m darling v0.23.0
[1m[92m  Downloaded[0m deranged v0.5.8
[1m[92m  Downloaded[0m glib-sys v0.18.1
[1m[92m  Downloaded[0m glob v0.3.3
[1m[92m  Downloaded[0m ico v0.5.0
[1m[92m  Downloaded[0m icu_collections v2.2.0
[1m[92m  Downloaded[0m icu_locale_core v2.2.0
[1m[92m  Downloaded[0m icu_normalizer_data v2.2.0
[1m[92m  Downloaded[0m indexmap v2.14.0
[1m[92m  Downloaded[0m libloading v0.7.4
[1m[92m  Downloaded[0m regex-automata v0.4.14
[1m[92m  Downloaded[0m regex-syntax v0.8.11
[1m[92m  Downloaded[0m tauri v2.11.5
[1m[92m  Downloaded[0m toml v1.1.2+spec-1.1.0
[1m[92m  Downloaded[0m toml_parser v1.1.2+spec-1.1.0
[1m[92m  Downloaded[0m unic-char-property v0.9.0
[1m[92m  Downloaded[0m url v2.5.8
[1m[92m  Downloaded[0m uuid v1.23.4
[1m[92m  Downloaded[0m zerovec v0.11.6
[1m[92m  Downloaded[0m anyhow v1.0.103
[1m[92m  Downloaded[0m atk-sys v0.18.2
[1m[92m  Downloaded[0m field-offset v0.3.6
[1m[92m  Downloaded[0m form_urlencoded v1.2.2
[1m[92m  Downloaded[0m gdk v0.18.2
[1m[92m  Downloaded[0m gtk-sys v0.18.2
[1m[92m  Downloaded[0m icu_normalizer v2.2.0
[1m[92m  Downloaded[0m indexmap v1.9.3
[1m[92m  Downloaded[0m tinyvec v1.11.0
[1m[92m  Downloaded[0m toml v0.8.2
[1m[92m  Downloaded[0m tray-icon v0.24.1
[1m[92m  Downloaded[0m unic-common v0.9.0
[1m[92m  Downloaded[0m version-compare v0.2.1
[1m[92m  Downloaded[0m zerofrom v0.1.8
[1m[92m  Downloaded[0m bytes v1.12.1
[1m[92m  Downloaded[0m cargo-platform v0.1.9
[1m[92m  Downloaded[0m cfb v0.7.3
[1m[92m  Downloaded[0m futures-io v0.3.32
[1m[92m  Downloaded[0m hashbrown v0.17.1
[1m[92m  Downloaded[0m walkdir v2.5.0
[1m[92m  Downloaded[0m wry v0.55.1
[1m[92m  Downloaded[0m yoke-derive v0.8.2
[1m[92m  Downloaded[0m zerovec-derive v0.11.3
[1m[92m  Downloaded[0m bitflags v1.3.2
[1m[92m  Downloaded[0m bitflags v2.13.0
[1m[92m  Downloaded[0m brotli v8.0.4
[1m[92m  Downloaded[0m cairo-rs v0.18.5
[1m[92m  Downloaded[0m cargo_metadata v0.19.2
[1m[92m  Downloaded[0m chrono v0.4.45
[1m[92m  Downloaded[0m dbus v0.9.12
[1m[92m  Downloaded[0m toml_writer v1.1.1+spec-1.1.0
[1m[92m  Downloaded[0m unicode-ident v1.0.24
[1m[92m  Downloaded[0m webkit2gtk v2.0.2
[1m[92m  Downloaded[0m alloc-stdlib v0.2.4
[1m[92m  Downloaded[0m bs58 v0.5.1
[1m[92m  Downloaded[0m cfg-expr v0.15.8
[1m[92m  Downloaded[0m dirs v6.0.0
[1m[92m  Downloaded[0m tinyvec_macros v0.1.1
[1m[92m  Downloaded[0m toml_datetime v0.6.3
[1m[92m  Downloaded[0m unic-ucd-version v0.9.0
[1m[92m  Downloaded[0m winnow v0.7.15
[1m[92m  Downloaded[0m autocfg v1.5.1
[1m[92m  Downloaded[0m bit-set v0.8.0
[1m[92m  Downloaded[0m bit-vec v0.8.0
[1m[92m  Downloaded[0m crossbeam-utils v0.8.22
[1m[92m  Downloaded[0m cssparser-macros v0.6.1
[1m[92m  Downloaded[0m digest v0.10.7
[1m[92m  Downloaded[0m ctor-proc-macro v0.0.7
[1m[92m  Downloaded[0m ctor v0.8.0
[1m[92m  Downloaded[0m web_atoms v0.2.5
[1m[92m  Downloaded[0m futures-sink v0.3.32
[1m[92m  Downloaded[0m block-buffer v0.10.4
[1m[92m  Downloaded[0m byteorder v1.5.0
[1m[92m  Downloaded[0m writeable v0.6.3
[1m[92m  Downloaded[0m icu_properties_data v2.2.0
[1m[92m  Downloaded[0m x11 v2.21.0
[1m[92m  Downloaded[0m crypto-common v0.1.7
[1m[92m  Downloaded[0m gobject-sys v0.18.0
[1m[92m  Downloaded[0m webkit2gtk-sys v2.0.2
[1m[92m  Downloaded[0m getrandom v0.4.3
[1m[92m  Downloaded[0m darling_macro v0.23.0
[1m[92m  Downloaded[0m generic-array v0.14.7
[1m[92m  Downloaded[0m heck v0.5.0
[1m[92m  Downloaded[0m winnow v0.5.40
[1m[92m  Downloaded[0m cfg-if v1.0.4
[1m[92m  Downloaded[0m yoke v0.8.3
[1m[92m  Downloaded[0m darling_core v0.23.0
[1m[92m  Downloaded[0m time-macros v0.2.31
[1m[92m  Downloaded[0m itoa v1.0.18
[1m[92m  Downloaded[0m toml_datetime v0.7.5+spec-1.1.0
[1m[92m  Downloaded[0m toml v0.9.12+spec-1.1.0
[1m[92m  Downloaded[0m base64 v0.22.1
[1m[92m  Downloaded[0m icu_properties v2.2.0
[1m[92m  Downloaded[0m gdk-sys v0.18.2
[1m[92m  Downloaded[0m html5ever v0.38.0
[1m[92m  Downloaded[0m libappindicator v0.9.0
[1m[92m  Downloaded[0m camino v1.2.4
[1m[92m  Downloaded[0m crossbeam-channel v0.5.16
[1m[92m  Downloaded[0m icu_provider v2.2.0
[1m[92m  Downloaded[0m http v1.4.2
[1m[92m  Downloaded[0m x11-dl v2.21.0
[1m[92m  Downloaded[0m flate2 v1.1.9
[1m[92m  Downloaded[0m cssparser v0.36.0
[1m[92m  Downloaded[0m derive_more-impl v2.1.1
[1m[92m  Downloaded[0m hashbrown v0.12.3
[1m[92m  Downloaded[0m derive_more v2.1.1
[1m[92m  Downloaded[0m cc v1.2.66
[1m[92m  Downloaded[0m glib v0.18.5
[1m[92m  Downloaded[0m idna v1.1.0
[1m[92m  Downloaded[0m typenum v1.20.1
[1m[92m  Downloaded[0m futures-util v0.3.32
[1m[92m  Downloaded[0m time v0.3.53
[1m[92m  Downloaded[0m winnow v1.0.3
[1m[92m  Downloaded[0m brotli-decompressor v5.0.3
[1m[92m  Downloaded[0m gio v0.18.4
[1m[92m  Downloaded[0m gtk v0.18.2
[1m[92m  Downloaded[0m tokio v1.52.3
[1m[92m  Downloaded[0m libc v0.2.186
[1m[92m  Downloaded[0m libdbus-sys v0.2.7
[1m[92m   Compiling[0m proc-macro2 v1.0.106
[1m[92m   Compiling[0m unicode-ident v1.0.24
[1m[92m   Compiling[0m quote v1.0.46
[1m[92m   Compiling[0m serde_core v1.0.228
[1m[92m   Compiling[0m serde v1.0.228
[1m[92m   Compiling[0m smallvec v1.15.2
[1m[92m   Compiling[0m equivalent v1.0.2
[1m[92m   Compiling[0m hashbrown v0.17.1
[1m[92m   Compiling[0m pkg-config v0.3.33
[1m[92m   Compiling[0m indexmap v2.14.0
[1m[92m   Compiling[0m winnow v0.5.40
[1m[92m   Compiling[0m syn v2.0.118
[1m[92m   Compiling[0m libc v0.2.186
[1m[92m   Compiling[0m heck v0.5.0
[1m[92m   Compiling[0m target-lexicon v0.12.16
[1m[92m   Compiling[0m cfg-expr v0.15.8
[1m[92m   Compiling[0m version-compare v0.2.1
[1m[92m   Compiling[0m version_check v0.9.5
[1m[92m   Compiling[0m thiserror v1.0.69
[1m[92m   Compiling[0m siphasher v1.0.3
[1m[92m   Compiling[0m phf_shared v0.13.1
[1m[92m   Compiling[0m memchr v2.8.3
[1m[92m   Compiling[0m fastrand v2.4.1
[1m[92m   Compiling[0m icu_normalizer_data v2.2.0
[1m[92m   Compiling[0m icu_properties_data v2.2.0
[1m[92m   Compiling[0m phf_generator v0.13.1
[1m[92m   Compiling[0m stable_deref_trait v1.2.1
[1m[92m   Compiling[0m cfg-if v1.0.4
[1m[92m   Compiling[0m zmij v1.0.21
[1m[92m   Compiling[0m synstructure v0.13.2
[1m[92m   Compiling[0m autocfg v1.5.1
[1m[92m   Compiling[0m proc-macro-error-attr v1.0.4
[1m[92m   Compiling[0m semver v1.0.28
[1m[92m   Compiling[0m syn v1.0.109
[1m[92m   Compiling[0m proc-macro-error v1.0.4
[1m[92m   Compiling[0m parking_lot_core v0.9.12
[1m[92m   Compiling[0m serde_derive v1.0.228
[1m[92m   Compiling[0m zerofrom-derive v0.1.7
[1m[92m   Compiling[0m yoke-derive v0.8.2
[1m[92m   Compiling[0m zerovec-derive v0.11.3
[1m[92m   Compiling[0m displaydoc v0.2.6
[1m[92m   Compiling[0m thiserror-impl v1.0.69
[1m[92m   Compiling[0m zerofrom v0.1.8
[1m[92m   Compiling[0m yoke v0.8.3
[1m[92m   Compiling[0m zerovec v0.11.6
[1m[92m   Compiling[0m futures-core v0.3.32
[1m[92m   Compiling[0m pin-project-lite v0.2.17
[1m[92m   Compiling[0m futures-macro v0.3.32
[1m[92m   Compiling[0m phf_macros v0.13.1
[1m[92m   Compiling[0m slab v0.4.12
[1m[92m   Compiling[0m futures-task v0.3.32
[1m[92m   Compiling[0m once_cell v1.21.4
[1m[92m   Compiling[0m typeid v1.0.3
[1m[92m   Compiling[0m futures-util v0.3.32
[1m[92m   Compiling[0m bitflags v2.13.0
[1m[92m   Compiling[0m heck v0.4.1
[1m[92m   Compiling[0m thiserror v2.0.18
[1m[92m   Compiling[0m num-conv v0.2.2
[1m[92m   Compiling[0m time-core v0.1.9
[1m[92m   Compiling[0m tinystr v0.8.3
[1m[92m   Compiling[0m futures-channel v0.3.32
[1m[92m   Compiling[0m rustc_version v0.4.1
[1m[92m   Compiling[0m phf_codegen v0.13.1
[1m[92m   Compiling[0m toml_datetime v0.6.3
[1m[92m   Compiling[0m serde_spanned v0.6.9
[1m[92m   Compiling[0m erased-serde v0.4.10
[1m[92m   Compiling[0m toml_edit v0.20.2
[1m[92m   Compiling[0m itoa v1.0.18
[1m[92m   Compiling[0m strsim v0.11.1
[1m[92m   Compiling[0m ident_case v1.0.1
[1m[92m   Compiling[0m writeable v0.6.3
[1m[92m   Compiling[0m litemap v0.8.2
[1m[92m   Compiling[0m darling_core v0.23.0
[1m[92m   Compiling[0m icu_locale_core v2.2.0
[1m[92m   Compiling[0m futures-executor v0.3.32
[1m[92m   Compiling[0m potential_utf v0.1.5
[1m[92m   Compiling[0m zerotrie v0.2.4
[1m[92m   Compiling[0m thiserror-impl v2.0.18
[1m[92m   Compiling[0m toml v0.8.2
[1m[92m   Compiling[0m system-deps v6.2.2
[1m[92m   Compiling[0m proc-macro-crate v2.0.2
[1m[92m   Compiling[0m utf8_iter v1.0.4
[1m[92m   Compiling[0m glib-sys v0.18.1
[1m[92m   Compiling[0m gobject-sys v0.18.0
[1m[92m   Compiling[0m gio-sys v0.18.1
[1m[92m   Compiling[0m gdk-sys v0.18.2
[1m[92m   Compiling[0m glib-macros v0.18.5
[1m[92m   Compiling[0m gdk-pixbuf-sys v0.18.0
[1m[92m   Compiling[0m pango-sys v0.18.0
[1m[92m   Compiling[0m cairo-sys-rs v0.18.2
[1m[92m   Compiling[0m atk-sys v0.18.2
[1m[92m   Compiling[0m darling_macro v0.23.0
[1m[92m   Compiling[0m icu_collections v2.2.0
[1m[92m   Compiling[0m icu_provider v2.2.0
[1m[92m   Compiling[0m new_debug_unreachable v1.0.6
[1m[92m   Compiling[0m scopeguard v1.2.0
[1m[92m   Compiling[0m anyhow v1.0.103
[1m[92m   Compiling[0m lock_api v0.4.14
[1m[92m   Compiling[0m darling v0.23.0
[1m[92m   Compiling[0m phf v0.13.1
[1m[92m   Compiling[0m string_cache_codegen v0.6.1
[1m[92m   Compiling[0m glib v0.18.5
[1m[92m   Compiling[0m serde_json v1.0.150
[1m[92m   Compiling[0m gio v0.18.4
[1m[92m   Compiling[0m precomputed-hash v0.1.1
[1m[92m   Compiling[0m getrandom v0.4.3
[1m[92m   Compiling[0m winnow v1.0.3
[1m[92m   Compiling[0m web_atoms v0.2.5
[1m[92m   Compiling[0m toml_parser v1.1.2+spec-1.1.0
[1m[92m   Compiling[0m serde_with_macros v3.21.0
[1m[92m   Compiling[0m parking_lot v0.12.5
[1m[92m   Compiling[0m icu_properties v2.2.0
[1m[92m   Compiling[0m icu_normalizer v2.2.0
[1m[92m   Compiling[0m gtk-sys v0.18.2
[1m[92m   Compiling[0m serde_spanned v1.1.1
[1m[92m   Compiling[0m toml_writer v1.1.1+spec-1.1.0
[1m[92m   Compiling[0m futures-io v0.3.32
[1m[92m   Compiling[0m ctor-proc-macro v0.0.7
[1m[92m   Compiling[0m idna_adapter v1.2.2
[1m[92m   Compiling[0m string_cache v0.9.0
[1m[92m   Compiling[0m percent-encoding v2.3.2
[1m[92m   Compiling[0m dtoa v1.0.11
[1m[92m   Compiling[0m log v0.4.33
[1m[92m   Compiling[0m dtoa-short v0.3.5
[1m[92m   Compiling[0m form_urlencoded v1.2.2
[1m[92m   Compiling[0m uuid v1.23.4
[1m[92m   Compiling[0m idna v1.1.0
[1m[92m   Compiling[0m tendril v0.5.1
[1m[92m   Compiling[0m selectors v0.36.1
[1m[92m   Compiling[0m aho-corasick v1.1.4
[1m[92m   Compiling[0m cssparser-macros v0.6.1
[1m[92m   Compiling[0m derive_more-impl v2.1.1
[1m[92m   Compiling[0m indexmap v1.9.3
[1m[92m   Compiling[0m toml_datetime v1.1.1+spec-1.1.0
[1m[92m   Compiling[0m alloc-no-stdlib v2.0.4
[1m[92m   Compiling[0m byteorder v1.5.0
[1m[92m   Compiling[0m camino v1.2.4
[1m[92m   Compiling[0m regex-syntax v0.8.11
[1m[92m   Compiling[0m unic-char-range v0.9.0
[1m[92m   Compiling[0m unic-common v0.9.0
[1m[92m   Compiling[0m unic-ucd-version v0.9.0
[1m[92m   Compiling[0m unic-char-property v0.9.0
[1m[92m   Compiling[0m alloc-stdlib v0.2.4
[1m[92m   Compiling[0m toml v1.1.2+spec-1.1.0
[1m[92m   Compiling[0m regex-automata v0.4.14
[1m[92m   Compiling[0m derive_more v2.1.1
[1m[92m   Compiling[0m cssparser v0.36.0
[1m[92m   Compiling[0m markup5ever v0.38.0
[1m[92m   Compiling[0m url v2.5.8
[1m[92m   Compiling[0m memoffset v0.9.1
[1m[92m   Compiling[0m serde_derive_internals v0.29.1
[1m[92m   Compiling[0m servo_arc v0.4.3
[1m[92m   Compiling[0m deranged v0.5.8
[1m[92m   Compiling[0m bit-vec v0.8.0
[1m[92m   Compiling[0m schemars v0.8.22
[1m[92m   Compiling[0m powerfmt v0.2.0
[1m[92m   Compiling[0m rustc-hash v2.1.3
[1m[92m   Compiling[0m hashbrown v0.12.3
[1m[92m   Compiling[0m fnv v1.0.7
[1m[92m   Compiling[0m cfb v0.7.3
[1m[92m   Compiling[0m time v0.3.53
[1m[92m   Compiling[0m bit-set v0.8.0
[1m[92m   Compiling[0m schemars_derive v0.8.22
[1m[92m   Compiling[0m html5ever v0.38.0
[1m[92m   Compiling[0m regex v1.12.4
[1m[92m   Compiling[0m cairo-rs v0.18.5
[1m[92m   Compiling[0m brotli-decompressor v5.0.3
[1m[92m   Compiling[0m unic-ucd-ident v0.9.0
[1m[92m   Compiling[0m jsonptr v0.6.3
[1m[92m   Compiling[0m toml_edit v0.19.15
[1m[92m   Compiling[0m field-offset v0.3.6
[1m[92m   Compiling[0m cargo-platform v0.1.9
[1m[92m   Compiling[0m quick-xml v0.41.0
[1m[92m   Compiling[0m bytes v1.12.1
[1m[92m   Compiling[0m dyn-clone v1.0.20
[1m[92m   Compiling[0m same-file v1.0.6
[1m[92m   Compiling[0m dunce v1.0.5
[1m[92m   Compiling[0m base64 v0.22.1
[1m[92m   Compiling[0m foldhash v0.2.0
[1m[92m   Compiling[0m dom_query v0.27.0
[1m[92m   Compiling[0m plist v1.10.0
[1m[92m   Compiling[0m proc-macro-crate v1.3.1
[1m[92m   Compiling[0m walkdir v2.5.0
[1m[92m   Compiling[0m http v1.4.2
[1m[92m   Compiling[0m cargo_metadata v0.19.2
[1m[92m   Compiling[0m gdk-pixbuf v0.18.5
[1m[92m   Compiling[0m pango v0.18.3
[1m[92m   Compiling[0m json-patch v3.0.1
[1m[92m   Compiling[0m brotli v8.0.4
[1m[92m   Compiling[0m urlpattern v0.3.0
[1m[92m   Compiling[0m gdk v0.18.2
[1m[92m   Compiling[0m serde-untagged v0.1.9
[1m[92m   Compiling[0m infer v0.19.0
[1m[92m   Compiling[0m ctor v0.8.0
[1m[92m   Compiling[0m serde_with v3.21.0
[1m[92m   Compiling[0m soup3-sys v0.5.0
[1m[92m   Compiling[0m javascriptcore-rs-sys v1.1.1
[1m[92m   Compiling[0m generic-array v0.14.7
[1m[92m   Compiling[0m gtk v0.18.2
[1m[92m   Compiling[0m find-msvc-tools v0.1.9
[1m[92m   Compiling[0m shlex v2.0.1
[1m[92m   Compiling[0m glob v0.3.3
[1m[92m   Compiling[0m tauri-utils v2.9.3
[1m[92m   Compiling[0m cc v1.2.66
[1m[92m   Compiling[0m gtk3-macros v0.18.2
[1m[92m   Compiling[0m atk v0.18.2
[1m[92m   Compiling[0m webkit2gtk-sys v2.0.2
[1m[92m   Compiling[0m time-macros v0.2.31
[1m[92m   Compiling[0m toml_datetime v0.7.5+spec-1.1.0
[1m[92m   Compiling[0m x11 v2.21.0
[1m[92m   Compiling[0m winnow v0.7.15
[1m[92m   Compiling[0m typenum v1.20.1
[1m[92m   Compiling[0m simd-adler32 v0.3.9
[1m[92m   Compiling[0m option-ext v0.2.0
[1m[92m   Compiling[0m crc32fast v1.5.0
[1m[92m   Compiling[0m dirs-sys v0.5.0
[1m[92m   Compiling[0m toml v0.9.12+spec-1.1.0
[1m[92m   Compiling[0m embed-resource v3.0.11
[1m[92m   Compiling[0m gdkx11-sys v0.18.2
[1m[92m   Compiling[0m adler2 v2.0.1
[1m[92m   Compiling[0m bitflags v1.3.2
[1m[92m   Compiling[0m crossbeam-utils v0.8.22
[1m[92m   Compiling[0m miniz_oxide v0.8.9
[1m[92m   Compiling[0m tauri-winres v0.3.6
[1m[92m   Compiling[0m cargo_toml v0.22.3
[1m[92m   Compiling[0m dirs v6.0.0
[1m[92m   Compiling[0m dpi v0.1.2
[1m[92m   Compiling[0m cookie v0.18.1
[1m[92m   Compiling[0m x11-dl v2.21.0
[1m[92m   Compiling[0m libdbus-sys v0.2.7
[1m[92m   Compiling[0m flate2 v1.1.9
[1m[92m   Compiling[0m tauri-build v2.6.3
[1m[92m   Compiling[0m javascriptcore-rs v1.1.2
[1m[92m   Compiling[0m soup3 v0.5.0
[1m[92m   Compiling[0m crypto-common v0.1.7
[1m[92m   Compiling[0m block-buffer v0.10.4
[1m[92m   Compiling[0m fdeflate v0.3.7
[1m[92m   Compiling[0m raw-window-handle v0.6.2
[1m[92m   Compiling[0m png v0.17.16
[1m[92m   Compiling[0m webkit2gtk v2.0.2
[1m[92m   Compiling[0m digest v0.10.7
[1m[92m   Compiling[0m crossbeam-channel v0.5.16
[1m[92m   Compiling[0m dlopen2_derive v0.4.3
[1m[92m   Compiling[0m cpufeatures v0.2.17
[1m[92m   Compiling[0m wry v0.55.1
[1m[92m   Compiling[0m tauri-runtime v2.11.3
[1m[92m   Compiling[0m sha2 v0.10.9
[1m[92m   Compiling[0m dlopen2 v0.8.2
[1m[92m   Compiling[0m dbus v0.9.12
[1m[92m   Compiling[0m ico v0.5.0
[1m[92m   Compiling[0m tauri v2.11.5
[1m[92m   Compiling[0m gdkx11 v0.18.2
[1m[92m   Compiling[0m gdkwayland-sys v0.18.2
[1m[92m   Compiling[0m getrandom v0.3.4
[1m[92m   Compiling[0m tauri-runtime-wry v2.11.4
[1m[92m   Compiling[0m unicode-segmentation v1.13.3
[1m[92m   Compiling[0m tao v0.35.3
[1m[92m   Compiling[0m keyboard-types v0.7.0
[1m[92m   Compiling[0m tauri-codegen v2.6.3
[1m[92m   Compiling[0m serialize-to-javascript-impl v0.1.2
[1m[92m   Compiling[0m serialize-to-javascript v0.1.2
[1m[92m   Compiling[0m tauri-macros v2.6.3
[1m[92m   Compiling[0m muda v0.19.3
[1m[92m   Compiling[0m healcha v0.1.0 (/home/runner/work/healcha/healcha/src-tauri)
[1m[92m   Compiling[0m tokio v1.52.3
[1m[92m   Compiling[0m serde_repr v0.1.20
[1m[92m   Compiling[0m mime v0.3.17
[1m[92m    Finished[0m `release` profile [optimized] target(s) in 2m 40s
       Built application at: /home/runner/work/healcha/healcha/src-tauri/target/release/healcha
        Info Patching /home/runner/work/healcha/healcha/src-tauri/target/release/healcha with bundle type information: deb
    Bundling healcha_0.1.0_amd64.deb (/home/runner/work/healcha/healcha/src-tauri/target/release/bundle/deb/healcha_0.1.0_amd64.deb)
        Info Patching /home/runner/work/healcha/healcha/src-tauri/target/release/healcha with bundle type information: rpm
    Bundling healcha-0.1.0-1.x86_64.rpm (/home/runner/work/healcha/healcha/src-tauri/target/release/bundle/rpm/healcha-0.1.0-1.x86_64.rpm)
        Info Patching /home/runner/work/healcha/healcha/src-tauri/target/release/healcha with bundle type information: appimage
 Downloading https://github.com/tauri-apps/binary-releases/releases/download/apprun-old/AppRun-x86_64
 Downloading https://github.com/tauri-apps/binary-releases/releases/download/linuxdeploy/linuxdeploy-x86_64.AppImage
 Downloading https://raw.githubusercontent.com/tauri-apps/linuxdeploy-plugin-gtk/master/linuxdeploy-plugin-gtk.sh
 Downloading https://raw.githubusercontent.com/tauri-apps/linuxdeploy-plugin-gstreamer/master/linuxdeploy-plugin-gstreamer.sh
 Downloading https://github.com/linuxdeploy/linuxdeploy-plugin-appimage/releases/download/continuous/linuxdeploy-plugin-appimage-x86_64.AppImage
    Bundling healcha_0.1.0_amd64.AppImage (/home/runner/work/healcha/healcha/src-tauri/target/release/bundle/appimage/healcha_0.1.0_amd64.AppImage)
failed to bundle project: `failed to run linuxdeploy`
       Error failed to bundle project: `failed to run linuxdeploy`
